2025-04-26 00:21:25 [main] INFO  c.k.KafkaConsumerApplication - Starting KafkaConsumerApplication using Java 17.0.14 with PID 30528 (C:\Users\yohan\IdeaProjects\YoHanKi\practice_3th_programs\kafka_consumer\build\classes\java\main started by yohan in C:\Users\yohan\IdeaProjects\YoHanKi\practice_3th_programs)
2025-04-26 00:21:25 [main] INFO  c.k.KafkaConsumerApplication - No active profile set, falling back to 1 default profile: "default"
2025-04-26 00:21:25 [main] INFO  o.s.d.r.c.RepositoryConfigurationDelegate - Bootstrapping Spring Data Elasticsearch repositories in DEFAULT mode.
2025-04-26 00:21:25 [main] INFO  o.s.d.r.c.RepositoryConfigurationDelegate - Finished Spring Data repository scanning in 11 ms. Found 0 Elasticsearch repository interfaces.
2025-04-26 00:21:25 [main] INFO  o.s.d.r.c.RepositoryConfigurationDelegate - Bootstrapping Spring Data Reactive Elasticsearch repositories in DEFAULT mode.
2025-04-26 00:21:25 [main] INFO  o.s.d.r.c.RepositoryConfigurationDelegate - Finished Spring Data repository scanning in 1 ms. Found 0 Reactive Elasticsearch repository interfaces.
2025-04-26 00:21:27 [main] INFO  o.s.b.a.e.web.EndpointLinksResolver - Exposing 4 endpoints beneath base path '/actuator'
2025-04-26 00:21:27 [main] INFO  o.s.b.w.e.netty.NettyWebServer - Netty started on port 8081 (http)
2025-04-26 00:21:28 [main] INFO  c.k.KafkaConsumerApplication - Started KafkaConsumerApplication in 3.245 seconds (process running for 5.052)
2025-04-26 00:21:28 [org.springframework.kafka.KafkaListenerEndpointContainer#1-2-C-1] WARN  o.apache.kafka.clients.NetworkClient - [Consumer clientId=kafka_consumer-consumer-group-client-2, groupId=kafka_consumer-consumer-group-single] Error while fetching metadata with correlation id 2 : {demo-topic=UNKNOWN_TOPIC_OR_PARTITION}
2025-04-26 00:21:28 [org.springframework.kafka.KafkaListenerEndpointContainer#0-2-C-1] WARN  o.apache.kafka.clients.NetworkClient - [Consumer clientId=kafka_consumer-consumer-group-client-2, groupId=kafka_consumer-consumer-group] Error while fetching metadata with correlation id 2 : {demo-topic=UNKNOWN_TOPIC_OR_PARTITION}
2025-04-26 00:21:28 [org.springframework.kafka.KafkaListenerEndpointContainer#0-0-C-1] WARN  o.apache.kafka.clients.NetworkClient - [Consumer clientId=kafka_consumer-consumer-group-client-0, groupId=kafka_consumer-consumer-group] Error while fetching metadata with correlation id 2 : {demo-topic=UNKNOWN_TOPIC_OR_PARTITION}
2025-04-26 00:21:28 [org.springframework.kafka.KafkaListenerEndpointContainer#1-1-C-1] WARN  o.apache.kafka.clients.NetworkClient - [Consumer clientId=kafka_consumer-consumer-group-client-1, groupId=kafka_consumer-consumer-group-single] Error while fetching metadata with correlation id 2 : {demo-topic=UNKNOWN_TOPIC_OR_PARTITION}
2025-04-26 00:21:28 [org.springframework.kafka.KafkaListenerEndpointContainer#0-1-C-1] WARN  o.apache.kafka.clients.NetworkClient - [Consumer clientId=kafka_consumer-consumer-group-client-1, groupId=kafka_consumer-consumer-group] Error while fetching metadata with correlation id 2 : {demo-topic=UNKNOWN_TOPIC_OR_PARTITION}
2025-04-26 00:21:28 [org.springframework.kafka.KafkaListenerEndpointContainer#2-1-C-1] WARN  o.apache.kafka.clients.NetworkClient - [Consumer clientId=kafka_consumer-consumer-group-large-batch-client-1, groupId=kafka_consumer-consumer-group-large-batch] Error while fetching metadata with correlation id 2 : {demo-topic=UNKNOWN_TOPIC_OR_PARTITION}
2025-04-26 00:21:28 [org.springframework.kafka.KafkaListenerEndpointContainer#1-0-C-1] WARN  o.apache.kafka.clients.NetworkClient - [Consumer clientId=kafka_consumer-consumer-group-client-0, groupId=kafka_consumer-consumer-group-single] Error while fetching metadata with correlation id 2 : {demo-topic=UNKNOWN_TOPIC_OR_PARTITION}
2025-04-26 00:21:28 [org.springframework.kafka.KafkaListenerEndpointContainer#2-0-C-1] WARN  o.apache.kafka.clients.NetworkClient - [Consumer clientId=kafka_consumer-consumer-group-large-batch-client-0, groupId=kafka_consumer-consumer-group-large-batch] Error while fetching metadata with correlation id 2 : {demo-topic=LEADER_NOT_AVAILABLE}
2025-04-26 00:21:29 [main] INFO  c.k.KafkaProducerApplication - Starting KafkaProducerApplication using Java 17.0.14 with PID 22140 (C:\Users\yohan\IdeaProjects\YoHanKi\practice_3th_programs\kafka_producer\build\classes\java\main started by yohan in C:\Users\yohan\IdeaProjects\YoHanKi\practice_3th_programs)
2025-04-26 00:21:29 [main] INFO  c.k.KafkaProducerApplication - No active profile set, falling back to 1 default profile: "default"
2025-04-26 00:21:30 [main] INFO  o.s.d.r.c.RepositoryConfigurationDelegate - Bootstrapping Spring Data Elasticsearch repositories in DEFAULT mode.
2025-04-26 00:21:30 [main] INFO  o.s.d.r.c.RepositoryConfigurationDelegate - Finished Spring Data repository scanning in 11 ms. Found 0 Elasticsearch repository interfaces.
2025-04-26 00:21:30 [main] INFO  o.s.d.r.c.RepositoryConfigurationDelegate - Bootstrapping Spring Data Reactive Elasticsearch repositories in DEFAULT mode.
2025-04-26 00:21:30 [main] INFO  o.s.d.r.c.RepositoryConfigurationDelegate - Finished Spring Data repository scanning in 2 ms. Found 0 Reactive Elasticsearch repository interfaces.
2025-04-26 00:21:30 [main] INFO  c.k.config.KafkaProducerConfig - Configured Kafka producer with bootstrap servers: localhost:29092
2025-04-26 00:21:30 [main] INFO  c.k.config.KafkaProducerConfig - Creating topic: demo-topic with 3 partitions and replication factor: 1
2025-04-26 00:21:30 [main] INFO  c.k.config.KafkaProducerConfig - Creating feedback topic: feedback-topic with 3 partitions and replication factor: 1
2025-04-26 00:21:31 [main] INFO  o.s.b.a.e.web.EndpointLinksResolver - Exposing 4 endpoints beneath base path '/actuator'
2025-04-26 00:21:32 [kafka-admin-client-thread | kafka_producer-admin] WARN  o.a.k.clients.admin.KafkaAdminClient - [AdminClient clientId=kafka_producer-admin] The DescribeTopicPartitions API is not supported, using Metadata API to describe topics.
2025-04-26 00:21:32 [main] INFO  o.s.kafka.core.KafkaAdmin - Topic 'demo-topic' exists but has a different partition count: 1 not 3, increasing if the broker supports it
2025-04-26 00:21:32 [main] INFO  o.s.b.w.e.netty.NettyWebServer - Netty started on port 8080 (http)
2025-04-26 00:21:32 [main] INFO  c.k.KafkaProducerApplication - Started KafkaProducerApplication in 3.409 seconds (process running for 3.979)
2025-04-26 00:21:34 [org.springframework.kafka.KafkaListenerEndpointContainer#2-1-C-1] INFO  o.s.k.l.KafkaMessageListenerContainer - kafka_consumer-consumer-group-large-batch: partitions assigned: []
2025-04-26 00:21:34 [org.springframework.kafka.KafkaListenerEndpointContainer#0-1-C-1] INFO  o.s.k.l.KafkaMessageListenerContainer - kafka_consumer-consumer-group: partitions assigned: []
2025-04-26 00:21:34 [org.springframework.kafka.KafkaListenerEndpointContainer#1-1-C-1] INFO  o.s.k.l.KafkaMessageListenerContainer - kafka_consumer-consumer-group-single: partitions assigned: []
2025-04-26 00:21:34 [org.springframework.kafka.KafkaListenerEndpointContainer#1-2-C-1] INFO  o.s.k.l.KafkaMessageListenerContainer - kafka_consumer-consumer-group-single: partitions assigned: []
2025-04-26 00:21:34 [org.springframework.kafka.KafkaListenerEndpointContainer#0-2-C-1] INFO  o.s.k.l.KafkaMessageListenerContainer - kafka_consumer-consumer-group: partitions assigned: []
2025-04-26 00:21:34 [org.springframework.kafka.KafkaListenerEndpointContainer#1-0-C-1] INFO  o.s.k.l.KafkaMessageListenerContainer - kafka_consumer-consumer-group-single: partitions assigned: [demo-topic-0]
2025-04-26 00:21:34 [org.springframework.kafka.KafkaListenerEndpointContainer#0-0-C-1] INFO  o.s.k.l.KafkaMessageListenerContainer - kafka_consumer-consumer-group: partitions assigned: [demo-topic-0]
2025-04-26 00:21:34 [org.springframework.kafka.KafkaListenerEndpointContainer#2-0-C-1] INFO  o.s.k.l.KafkaMessageListenerContainer - kafka_consumer-consumer-group-large-batch: partitions assigned: [demo-topic-0]
2025-04-26 00:21:38 [org.springframework.kafka.KafkaListenerEndpointContainer#0-1-C-1] INFO  o.s.k.l.KafkaMessageListenerContainer - kafka_producer-consumer-group-producer: partitions assigned: [feedback-topic-2]
2025-04-26 00:21:38 [org.springframework.kafka.KafkaListenerEndpointContainer#0-0-C-1] INFO  o.s.k.l.KafkaMessageListenerContainer - kafka_producer-consumer-group-producer: partitions assigned: [feedback-topic-0, feedback-topic-1]
2025-04-26 00:26:28 [org.springframework.kafka.KafkaListenerEndpointContainer#2-1-C-1] INFO  o.s.k.l.KafkaMessageListenerContainer - kafka_consumer-consumer-group-large-batch: partitions revoked: []
2025-04-26 00:26:28 [org.springframework.kafka.KafkaListenerEndpointContainer#0-2-C-1] INFO  o.s.k.l.KafkaMessageListenerContainer - kafka_consumer-consumer-group: partitions revoked: []
2025-04-26 00:26:28 [org.springframework.kafka.KafkaListenerEndpointContainer#1-0-C-1] INFO  o.s.k.l.KafkaMessageListenerContainer - kafka_consumer-consumer-group-single: partitions revoked: [demo-topic-0]
2025-04-26 00:26:28 [org.springframework.kafka.KafkaListenerEndpointContainer#2-0-C-1] INFO  o.s.k.l.KafkaMessageListenerContainer - kafka_consumer-consumer-group-large-batch: partitions revoked: [demo-topic-0]
2025-04-26 00:26:28 [org.springframework.kafka.KafkaListenerEndpointContainer#2-1-C-1] INFO  o.s.k.l.KafkaMessageListenerContainer - kafka_consumer-consumer-group-large-batch: partitions assigned: [demo-topic-2]
2025-04-26 00:26:29 [org.springframework.kafka.KafkaListenerEndpointContainer#0-1-C-1] INFO  o.s.k.l.KafkaMessageListenerContainer - kafka_consumer-consumer-group: partitions revoked: []
2025-04-26 00:26:29 [org.springframework.kafka.KafkaListenerEndpointContainer#1-2-C-1] INFO  o.s.k.l.KafkaMessageListenerContainer - kafka_consumer-consumer-group-single: partitions revoked: []
2025-04-26 00:26:29 [org.springframework.kafka.KafkaListenerEndpointContainer#1-1-C-1] INFO  o.s.k.l.KafkaMessageListenerContainer - kafka_consumer-consumer-group-single: partitions revoked: []
2025-04-26 00:26:29 [org.springframework.kafka.KafkaListenerEndpointContainer#1-0-C-1] INFO  o.s.k.l.KafkaMessageListenerContainer - kafka_consumer-consumer-group-single: partitions assigned: [demo-topic-0]
2025-04-26 00:26:29 [org.springframework.kafka.KafkaListenerEndpointContainer#1-2-C-1] INFO  o.s.k.l.KafkaMessageListenerContainer - kafka_consumer-consumer-group-single: partitions assigned: [demo-topic-2]
2025-04-26 00:26:29 [org.springframework.kafka.KafkaListenerEndpointContainer#1-1-C-1] INFO  o.s.k.l.KafkaMessageListenerContainer - kafka_consumer-consumer-group-single: partitions assigned: [demo-topic-1]
2025-04-26 00:26:29 [org.springframework.kafka.KafkaListenerEndpointContainer#0-0-C-1] INFO  o.s.k.l.KafkaMessageListenerContainer - kafka_consumer-consumer-group: partitions revoked: [demo-topic-0]
2025-04-26 00:26:29 [org.springframework.kafka.KafkaListenerEndpointContainer#0-2-C-1] INFO  o.s.k.l.KafkaMessageListenerContainer - kafka_consumer-consumer-group: partitions assigned: [demo-topic-2]
2025-04-26 00:26:29 [org.springframework.kafka.KafkaListenerEndpointContainer#0-1-C-1] INFO  o.s.k.l.KafkaMessageListenerContainer - kafka_consumer-consumer-group: partitions assigned: [demo-topic-1]
2025-04-26 00:26:29 [org.springframework.kafka.KafkaListenerEndpointContainer#0-0-C-1] INFO  o.s.k.l.KafkaMessageListenerContainer - kafka_consumer-consumer-group: partitions assigned: [demo-topic-0]
2025-04-26 00:26:29 [org.springframework.kafka.KafkaListenerEndpointContainer#2-0-C-1] INFO  o.s.k.l.KafkaMessageListenerContainer - kafka_consumer-consumer-group-large-batch: partitions assigned: [demo-topic-0, demo-topic-1]
2025-04-26 00:34:38 [org.springframework.kafka.KafkaListenerEndpointContainer#0-2-C-1] WARN  o.apache.kafka.clients.NetworkClient - [Consumer clientId=kafka_consumer-consumer-group-client-2, groupId=kafka_consumer-consumer-group] Connection to node 1 (localhost/127.0.0.1:29092) could not be established. Node may not be available.
2025-04-26 00:34:38 [org.springframework.kafka.KafkaListenerEndpointContainer#0-0-C-1] WARN  o.apache.kafka.clients.NetworkClient - [Consumer clientId=kafka_producer-producer-consumer-0, groupId=kafka_producer-consumer-group-producer] Connection to node 1 (localhost/127.0.0.1:29092) could not be established. Node may not be available.
2025-04-26 00:34:38 [org.springframework.kafka.KafkaListenerEndpointContainer#1-2-C-1] WARN  o.apache.kafka.clients.NetworkClient - [Consumer clientId=kafka_consumer-consumer-group-client-2, groupId=kafka_consumer-consumer-group-single] Connection to node 1 (localhost/127.0.0.1:29092) could not be established. Node may not be available.
2025-04-26 00:34:38 [org.springframework.kafka.KafkaListenerEndpointContainer#0-1-C-1] WARN  o.apache.kafka.clients.NetworkClient - [Consumer clientId=kafka_consumer-consumer-group-client-1, groupId=kafka_consumer-consumer-group] Connection to node 1 (localhost/127.0.0.1:29092) could not be established. Node may not be available.
2025-04-26 00:34:39 [org.springframework.kafka.KafkaListenerEndpointContainer#2-0-C-1] WARN  o.apache.kafka.clients.NetworkClient - [Consumer clientId=kafka_consumer-consumer-group-large-batch-client-0, groupId=kafka_consumer-consumer-group-large-batch] Connection to node 1 (localhost/127.0.0.1:29092) could not be established. Node may not be available.
2025-04-26 00:34:39 [org.springframework.kafka.KafkaListenerEndpointContainer#0-1-C-1] WARN  o.apache.kafka.clients.NetworkClient - [Consumer clientId=kafka_producer-producer-consumer-1, groupId=kafka_producer-consumer-group-producer] Connection to node 1 (localhost/127.0.0.1:29092) could not be established. Node may not be available.
2025-04-26 00:34:39 [org.springframework.kafka.KafkaListenerEndpointContainer#1-1-C-1] WARN  o.apache.kafka.clients.NetworkClient - [Consumer clientId=kafka_consumer-consumer-group-client-1, groupId=kafka_consumer-consumer-group-single] Connection to node 1 (localhost/127.0.0.1:29092) could not be established. Node may not be available.
2025-04-26 00:34:39 [org.springframework.kafka.KafkaListenerEndpointContainer#1-0-C-1] WARN  o.apache.kafka.clients.NetworkClient - [Consumer clientId=kafka_consumer-consumer-group-client-0, groupId=kafka_consumer-consumer-group-single] Connection to node 1 (localhost/127.0.0.1:29092) could not be established. Node may not be available.
2025-04-26 00:34:39 [org.springframework.kafka.KafkaListenerEndpointContainer#2-1-C-1] WARN  o.apache.kafka.clients.NetworkClient - [Consumer clientId=kafka_consumer-consumer-group-large-batch-client-1, groupId=kafka_consumer-consumer-group-large-batch] Connection to node 1 (localhost/127.0.0.1:29092) could not be established. Node may not be available.
2025-04-26 00:34:39 [org.springframework.kafka.KafkaListenerEndpointContainer#0-0-C-1] INFO  o.s.k.l.KafkaMessageListenerContainer - kafka_producer-consumer-group-producer: partitions revoked: [feedback-topic-0, feedback-topic-1]
2025-04-26 00:34:39 [org.springframework.kafka.KafkaListenerEndpointContainer#0-1-C-1] INFO  o.s.k.l.KafkaMessageListenerContainer - kafka_producer-consumer-group-producer: partitions revoked: [feedback-topic-2]
2025-04-26 00:34:39 [org.springframework.kafka.KafkaListenerEndpointContainer#1-1-C-1] INFO  o.s.k.l.KafkaMessageListenerContainer - kafka_consumer-consumer-group-single: partitions revoked: [demo-topic-1]
2025-04-26 00:34:39 [org.springframework.kafka.KafkaListenerEndpointContainer#2-1-C-1] INFO  o.s.k.l.KafkaMessageListenerContainer - kafka_consumer-consumer-group-large-batch: partitions revoked: [demo-topic-2]
2025-04-26 00:34:39 [org.springframework.kafka.KafkaListenerEndpointContainer#0-1-C-1] INFO  o.s.k.l.KafkaMessageListenerContainer - kafka_consumer-consumer-group: partitions revoked: [demo-topic-1]
2025-04-26 00:34:39 [org.springframework.kafka.KafkaListenerEndpointContainer#1-0-C-1] INFO  o.s.k.l.KafkaMessageListenerContainer - kafka_consumer-consumer-group-single: partitions revoked: [demo-topic-0]
2025-04-26 00:34:39 [org.springframework.kafka.KafkaListenerEndpointContainer#0-0-C-1] INFO  o.s.k.l.KafkaMessageListenerContainer - kafka_consumer-consumer-group: partitions revoked: [demo-topic-0]
2025-04-26 00:34:39 [org.springframework.kafka.KafkaListenerEndpointContainer#2-0-C-1] INFO  o.s.k.l.KafkaMessageListenerContainer - kafka_consumer-consumer-group-large-batch: partitions revoked: [demo-topic-0, demo-topic-1]
2025-04-26 00:34:39 [org.springframework.kafka.KafkaListenerEndpointContainer#1-2-C-1] INFO  o.s.k.l.KafkaMessageListenerContainer - kafka_consumer-consumer-group-single: partitions revoked: [demo-topic-2]
2025-04-26 00:34:39 [org.springframework.kafka.KafkaListenerEndpointContainer#0-1-C-1] INFO  o.s.k.l.KafkaMessageListenerContainer - kafka_producer-consumer-group-producer: Consumer stopped
2025-04-26 00:34:39 [org.springframework.kafka.KafkaListenerEndpointContainer#0-0-C-1] INFO  o.s.k.l.KafkaMessageListenerContainer - kafka_producer-consumer-group-producer: Consumer stopped
2025-04-26 00:34:39 [SpringApplicationShutdownHook] INFO  o.s.b.w.e.netty.GracefulShutdown - Commencing graceful shutdown. Waiting for active requests to complete
2025-04-26 00:34:39 [netty-shutdown] INFO  o.s.b.w.e.netty.GracefulShutdown - Graceful shutdown complete
2025-04-26 00:34:39 [org.springframework.kafka.KafkaListenerEndpointContainer#1-1-C-1] INFO  o.s.k.l.KafkaMessageListenerContainer - kafka_consumer-consumer-group-single: Consumer stopped
2025-04-26 00:34:39 [org.springframework.kafka.KafkaListenerEndpointContainer#0-1-C-1] INFO  o.s.k.l.KafkaMessageListenerContainer - kafka_consumer-consumer-group: Consumer stopped
2025-04-26 00:34:39 [org.springframework.kafka.KafkaListenerEndpointContainer#2-1-C-1] INFO  o.s.k.l.KafkaMessageListenerContainer - kafka_consumer-consumer-group-large-batch: Consumer stopped
2025-04-26 00:34:39 [org.springframework.kafka.KafkaListenerEndpointContainer#2-0-C-1] INFO  o.s.k.l.KafkaMessageListenerContainer - kafka_consumer-consumer-group-large-batch: Consumer stopped
2025-04-26 00:34:39 [org.springframework.kafka.KafkaListenerEndpointContainer#1-2-C-1] INFO  o.s.k.l.KafkaMessageListenerContainer - kafka_consumer-consumer-group-single: Consumer stopped
2025-04-26 00:34:39 [org.springframework.kafka.KafkaListenerEndpointContainer#0-0-C-1] INFO  o.s.k.l.KafkaMessageListenerContainer - kafka_consumer-consumer-group: Consumer stopped
2025-04-26 00:34:39 [org.springframework.kafka.KafkaListenerEndpointContainer#1-0-C-1] INFO  o.s.k.l.KafkaMessageListenerContainer - kafka_consumer-consumer-group-single: Consumer stopped
2025-04-26 00:34:39 [org.springframework.kafka.KafkaListenerEndpointContainer#0-2-C-1] INFO  o.s.k.l.KafkaMessageListenerContainer - kafka_consumer-consumer-group: partitions revoked: [demo-topic-2]
2025-04-26 00:34:39 [org.springframework.kafka.KafkaListenerEndpointContainer#0-2-C-1] INFO  o.s.k.l.KafkaMessageListenerContainer - kafka_consumer-consumer-group: Consumer stopped
2025-04-26 00:34:39 [SpringApplicationShutdownHook] INFO  o.s.b.w.e.netty.GracefulShutdown - Commencing graceful shutdown. Waiting for active requests to complete
2025-04-26 00:34:39 [netty-shutdown] INFO  o.s.b.w.e.netty.GracefulShutdown - Graceful shutdown complete
